<?xml version="1.0" encoding="UTF-8"?>
<!-- Generated by org.testng.reporters.JUnitXMLReporter -->
<testsuite ignored="1" hostname="LAPTOP-KECOCNAM" failures="0" tests="2" name="HomePageTest" time="19.68" errors="0" timestamp="10 Sep 2020 20:54:32 GMT">
  <testcase classname="com.qa.hubspot.test.HomePageTest" name="getWelcomeTest" time="3.632"/>
  <testcase classname="com.qa.hubspot.test.HomePageTest" name="getPageTitleTest" time="0.02"/>
  <testcase classname="com.qa.hubspot.test.HomePageTest" name="getHeaderText" time="0.0">
    <ignored/>
  </testcase> <!-- getHeaderText -->
</testsuite> <!-- HomePageTest -->
