<?xml version="1.0" encoding="UTF-8"?>
<!-- Generated by org.testng.reporters.JUnitXMLReporter -->
<testsuite ignored="1" hostname="LAPTOP-KECOCNAM" failures="0" tests="2" name="HomePageTest" time="15.905" errors="0" timestamp="14 Sep 2020 18:09:55 GMT">
  <testcase classname="com.qa.hubspot.test.HomePageTest" name="getWelcomeTest" time="3.876"/>
  <testcase classname="com.qa.hubspot.test.HomePageTest" name="getPageTitleTest" time="0.01"/>
  <testcase classname="com.qa.hubspot.test.HomePageTest" name="getHeaderText" time="0.0">
    <ignored/>
  </testcase> <!-- getHeaderText -->
</testsuite> <!-- HomePageTest -->
