<?xml version="1.0" encoding="UTF-8"?>
<!-- Generated by org.testng.reporters.JUnitXMLReporter -->
<testsuite ignored="0" hostname="LAPTOP-KECOCNAM" failures="0" tests="3" name="LoginTest" time="12.614" errors="0" timestamp="14 Sep 2020 18:09:39 GMT">
  <testcase classname="com.qa.hubspot.test.LoginPageTest" name="verifyLoginPageTest" time="4.428"/>
  <testcase classname="com.qa.hubspot.test.LoginPageTest" name="verifySignUpLink" time="0.078"/>
  <testcase classname="com.qa.hubspot.test.LoginPageTest" name="verifyLoginTest" time="0.64"/>
</testsuite> <!-- LoginTest -->
