<?xml version="1.0" encoding="UTF-8"?>
<!-- Generated by org.testng.reporters.JUnitXMLReporter -->
<testsuite ignored="0" hostname="LAPTOP-KECOCNAM" failures="0" tests="3" name="Default test" time="14.674" errors="0" timestamp="14 Oct 2020 13:54:12 GMT">
  <testcase classname="com.qa.hubspot.test.LoginPageTest" name="verifyLoginPageTest" time="5.352"/>
  <testcase classname="com.qa.hubspot.test.LoginPageTest" name="verifySignUpLink" time="0.187"/>
  <testcase classname="com.qa.hubspot.test.LoginPageTest" name="verifyLoginTest" time="0.947"/>
</testsuite> <!-- Default test -->
