<?xml version="1.0" encoding="UTF-8"?>
<testng-results ignored="0" total="3" passed="3" failed="0" skipped="0">
  <reporter-output>
  </reporter-output>
  <suite started-at="2020-09-09T00:41:09Z" name="Default suite" finished-at="2020-09-09T00:41:22Z" duration-ms="13147">
    <groups>
    </groups>
    <test started-at="2020-09-09T00:41:09Z" name="Default test" finished-at="2020-09-09T00:41:22Z" duration-ms="13147">
      <class name="com.qa.hubspot.test.LoginPageTest">
        <test-method is-config="true" signature="setup()[pri:0, instance:com.qa.hubspot.test.LoginPageTest@6221a451]" started-at="2020-09-09T00:41:09Z" name="setup" finished-at="2020-09-09T00:41:15Z" duration-ms="6329" status="PASS">
          <reporter-output>
          </reporter-output>
        </test-method> <!-- setup -->
        <test-method signature="verifyLoginPageTest()[pri:1, instance:com.qa.hubspot.test.LoginPageTest@6221a451]" started-at="2020-09-09T00:41:15Z" name="verifyLoginPageTest" finished-at="2020-09-09T00:41:21Z" duration-ms="5454" status="PASS">
          <reporter-output>
          </reporter-output>
        </test-method> <!-- verifyLoginPageTest -->
        <test-method signature="verifySignUpLink()[pri:2, instance:com.qa.hubspot.test.LoginPageTest@6221a451]" started-at="2020-09-09T00:41:21Z" name="verifySignUpLink" finished-at="2020-09-09T00:41:21Z" duration-ms="63" status="PASS">
          <reporter-output>
          </reporter-output>
        </test-method> <!-- verifySignUpLink -->
        <test-method signature="verifyLoginTest()[pri:3, instance:com.qa.hubspot.test.LoginPageTest@6221a451]" started-at="2020-09-09T00:41:21Z" name="verifyLoginTest" finished-at="2020-09-09T00:41:21Z" duration-ms="433" status="PASS">
          <reporter-output>
          </reporter-output>
        </test-method> <!-- verifyLoginTest -->
        <test-method is-config="true" signature="tearDown()[pri:0, instance:com.qa.hubspot.test.LoginPageTest@6221a451]" started-at="2020-09-09T00:41:21Z" name="tearDown" finished-at="2020-09-09T00:41:22Z" duration-ms="831" status="PASS">
          <reporter-output>
          </reporter-output>
        </test-method> <!-- tearDown -->
      </class> <!-- com.qa.hubspot.test.LoginPageTest -->
    </test> <!-- Default test -->
  </suite> <!-- Default suite -->
</testng-results>
